# JRE version: OpenJDK Runtime Environment Microsoft-8035246 (17.0.8+7) (build 17.0.8+7-LTS)
# Java VM: OpenJDK 64-Bit Server VM Microsoft-8035246 (17.0.8+7-LTS, mixed mode, sharing, tiered, compressed oops, compressed class ptrs, g1 gc, windows-amd64)
GC Precious Log:
 CPUs: 8 total, 8 available
 Memory: 16227M
 Large Page Support: Disabled
 NUMA Support: Disabled
 Compressed Oops: Enabled (32-bit)
 Heap Region Size: 1M
 Heap Min Capacity: 8M
 Heap Initial Capacity: 254M
 Heap Max Capacity: 2G
 Pre-touch: Disabled
 Parallel Workers: 8
 Concurrent Workers: 2
 Concurrent Refinement Workers: 8
 Periodic GC: Disabled
Heap:
 garbage-first heap   total 157696K, used 131029K [0x0000000080000000, 0x0000000100000000)
  region size 1024K, 6 young (6144K), 2 survivors (2048K)
 Metaspace       used 96282K, committed 97344K, reserved 557056K
  class space    used 13494K, committed 14016K, reserved 425984K
GC Heap History (20 events):
Event: 72.691 GC heap before
{Heap before GC invocations=50 (full 0):
 garbage-first heap   total 157696K, used 137252K [0x0000000080000000, 0x0000000100000000)
  region size 1024K, 19 young (19456K), 2 survivors (2048K)
 Metaspace       used 89492K, committed 90432K, reserved 557056K
  class space    used 12519K, committed 12992K, reserved 425984K
}
Event: 72.696 GC heap after
{Heap after GC invocations=51 (full 0):
 garbage-first heap   total 157696K, used 120236K [0x0000000080000000, 0x0000000100000000)
  region size 1024K, 2 young (2048K), 2 survivors (2048K)
 Metaspace       used 89492K, committed 90432K, reserved 557056K
  class space    used 12519K, committed 12992K, reserved 425984K
}
Event: 73.455 GC heap before
{Heap before GC invocations=51 (full 0):
 garbage-first heap   total 157696K, used 137644K [0x0000000080000000, 0x0000000100000000)
  region size 1024K, 19 young (19456K), 2 survivors (2048K)
 Metaspace       used 90585K, committed 91520K, reserved 557056K
  class space    used 12744K, committed 13184K, reserved 425984K
}
Event: 73.458 GC heap after
{Heap after GC invocations=52 (full 0):
 garbage-first heap   total 157696K, used 121134K [0x0000000080000000, 0x0000000100000000)
  region size 1024K, 3 young (3072K), 3 survivors (3072K)
 Metaspace       used 90585K, committed 91520K, reserved 557056K
  class space    used 12744K, committed 13184K, reserved 425984K
}
Event: 74.133 GC heap before
{Heap before GC invocations=52 (full 0):
 garbage-first heap   total 157696K, used 136494K [0x0000000080000000, 0x0000000100000000)
  region size 1024K, 18 young (18432K), 3 survivors (3072K)
 Metaspace       used 91687K, committed 92544K, reserved 557056K
  class space    used 12895K, committed 13312K, reserved 425984K
}
Event: 74.139 GC heap after
{Heap after GC invocations=53 (full 0):
 garbage-first heap   total 157696K, used 121512K [0x0000000080000000, 0x0000000100000000)
  region size 1024K, 2 young (2048K), 2 survivors (2048K)
 Metaspace       used 91687K, committed 92544K, reserved 557056K
  class space    used 12895K, committed 13312K, reserved 425984K
}
Event: 74.965 GC heap before
{Heap before GC invocations=53 (full 0):
 garbage-first heap   total 157696K, used 136872K [0x0000000080000000, 0x0000000100000000)
  region size 1024K, 18 young (18432K), 2 survivors (2048K)
 Metaspace       used 92604K, committed 93568K, reserved 557056K
  class space    used 12987K, committed 13440K, reserved 425984K
}
Event: 74.970 GC heap after
{Heap after GC invocations=54 (full 0):
 garbage-first heap   total 157696K, used 121978K [0x0000000080000000, 0x0000000100000000)
  region size 1024K, 2 young (2048K), 2 survivors (2048K)
 Metaspace       used 92604K, committed 93568K, reserved 557056K
  class space    used 12987K, committed 13440K, reserved 425984K
}
Event: 75.562 GC heap before
{Heap before GC invocations=54 (full 0):
 garbage-first heap   total 157696K, used 137338K [0x0000000080000000, 0x0000000100000000)
  region size 1024K, 18 young (18432K), 2 survivors (2048K)
 Metaspace       used 93573K, committed 94528K, reserved 557056K
  class space    used 13125K, committed 13568K, reserved 425984K
}
Event: 75.565 GC heap after
{Heap after GC invocations=55 (full 0):
 garbage-first heap   total 157696K, used 122625K [0x0000000080000000, 0x0000000100000000)
  region size 1024K, 3 young (3072K), 3 survivors (3072K)
 Metaspace       used 93573K, committed 94528K, reserved 557056K
  class space    used 13125K, committed 13568K, reserved 425984K
}
Event: 76.208 GC heap before
{Heap before GC invocations=55 (full 0):
 garbage-first heap   total 157696K, used 136961K [0x0000000080000000, 0x0000000100000000)
  region size 1024K, 17 young (17408K), 3 survivors (3072K)
 Metaspace       used 94472K, committed 95424K, reserved 557056K
  class space    used 13243K, committed 13696K, reserved 425984K
}
Event: 76.215 GC heap after
{Heap after GC invocations=56 (full 0):
 garbage-first heap   total 157696K, used 123351K [0x0000000080000000, 0x0000000100000000)
  region size 1024K, 3 young (3072K), 3 survivors (3072K)
 Metaspace       used 94472K, committed 95424K, reserved 557056K
  class space    used 13243K, committed 13696K, reserved 425984K
}
Event: 76.786 GC heap before
{Heap before GC invocations=56 (full 0):
 garbage-first heap   total 157696K, used 136663K [0x0000000080000000, 0x0000000100000000)
  region size 1024K, 16 young (16384K), 3 survivors (3072K)
 Metaspace       used 95071K, committed 96064K, reserved 557056K
  class space    used 13335K, committed 13824K, reserved 425984K
}
Event: 76.790 GC heap after
{Heap after GC invocations=57 (full 0):
 garbage-first heap   total 157696K, used 124546K [0x0000000080000000, 0x0000000100000000)
  region size 1024K, 2 young (2048K), 2 survivors (2048K)
 Metaspace       used 95071K, committed 96064K, reserved 557056K
  class space    used 13335K, committed 13824K, reserved 425984K
}
Event: 77.167 GC heap before
{Heap before GC invocations=57 (full 0):
 garbage-first heap   total 157696K, used 137858K [0x0000000080000000, 0x0000000100000000)
  region size 1024K, 15 young (15360K), 2 survivors (2048K)
 Metaspace       used 95218K, committed 96256K, reserved 557056K
  class space    used 13361K, committed 13824K, reserved 425984K
}
Event: 77.172 GC heap after
{Heap after GC invocations=58 (full 0):
 garbage-first heap   total 157696K, used 125895K [0x0000000080000000, 0x0000000100000000)
  region size 1024K, 2 young (2048K), 2 survivors (2048K)
 Metaspace       used 95218K, committed 96256K, reserved 557056K
  class space    used 13361K, committed 13824K, reserved 425984K
}
Event: 77.629 GC heap before
{Heap before GC invocations=58 (full 0):
 garbage-first heap   total 157696K, used 136135K [0x0000000080000000, 0x0000000100000000)
  region size 1024K, 13 young (13312K), 2 survivors (2048K)
 Metaspace       used 95690K, committed 96704K, reserved 557056K
  class space    used 13409K, committed 13888K, reserved 425984K
}
Event: 77.633 GC heap after
{Heap after GC invocations=59 (full 0):
 garbage-first heap   total 157696K, used 126890K [0x0000000080000000, 0x0000000100000000)
  region size 1024K, 1 young (1024K), 1 survivors (1024K)
 Metaspace       used 95690K, committed 96704K, reserved 557056K
  class space    used 13409K, committed 13888K, reserved 425984K
}
Event: 78.140 GC heap before
{Heap before GC invocations=59 (full 0):
 garbage-first heap   total 157696K, used 137130K [0x0000000080000000, 0x0000000100000000)
  region size 1024K, 12 young (12288K), 1 survivors (1024K)
 Metaspace       used 96103K, committed 97088K, reserved 557056K
  class space    used 13466K, committed 13952K, reserved 425984K
}
Event: 78.142 GC heap after
{Heap after GC invocations=60 (full 0):
 garbage-first heap   total 157696K, used 127957K [0x0000000080000000, 0x0000000100000000)
  region size 1024K, 2 young (2048K), 2 survivors (2048K)
 Metaspace       used 96103K, committed 97088K, reserved 557056K
  class space    used 13466K, committed 13952K, reserved 425984K
}

