# JRE version: OpenJDK Runtime Environment Microsoft-8035246 (17.0.8+7) (build 17.0.8+7-LTS)
# Java VM: OpenJDK 64-Bit Server VM Microsoft-8035246 (17.0.8+7-LTS, mixed mode, sharing, tiered, compressed oops, compressed class ptrs, g1 gc, windows-amd64)
GC Precious Log:
 CPUs: 8 total, 8 available
 Memory: 16227M
 Large Page Support: Disabled
 NUMA Support: Disabled
 Compressed Oops: Enabled (32-bit)
 Heap Region Size: 1M
 Heap Min Capacity: 8M
 Heap Initial Capacity: 254M
 Heap Max Capacity: 2G
 Pre-touch: Disabled
 Parallel Workers: 8
 Concurrent Workers: 2
 Concurrent Refinement Workers: 8
 Periodic GC: Disabled
Heap:
 garbage-first heap   total 243712K, used 187389K [0x0000000080000000, 0x0000000100000000)
  region size 1024K, 104 young (106496K), 9 survivors (9216K)
 Metaspace       used 77871K, committed 78720K, reserved 557056K
  class space    used 10858K, committed 11264K, reserved 425984K
GC Heap History (20 events):
Event: 36.670 GC heap before
{Heap before GC invocations=22 (full 0):
 garbage-first heap   total 102400K, used 67850K [0x0000000080000000, 0x0000000100000000)
  region size 1024K, 5 young (5120K), 3 survivors (3072K)
 Metaspace       used 64065K, committed 64640K, reserved 491520K
  class space    used 8981K, committed 9280K, reserved 425984K
}
Event: 36.679 GC heap after
{Heap after GC invocations=23 (full 0):
 garbage-first heap   total 102400K, used 66998K [0x0000000080000000, 0x0000000100000000)
  region size 1024K, 1 young (1024K), 1 survivors (1024K)
 Metaspace       used 64065K, committed 64640K, reserved 491520K
  class space    used 8981K, committed 9280K, reserved 425984K
}
Event: 37.748 GC heap before
{Heap before GC invocations=23 (full 0):
 garbage-first heap   total 102400K, used 83382K [0x0000000080000000, 0x0000000100000000)
  region size 1024K, 18 young (18432K), 1 survivors (1024K)
 Metaspace       used 65381K, committed 66048K, reserved 491520K
  class space    used 9140K, committed 9472K, reserved 425984K
}
Event: 37.752 GC heap after
{Heap after GC invocations=24 (full 0):
 garbage-first heap   total 102400K, used 68104K [0x0000000080000000, 0x0000000100000000)
  region size 1024K, 3 young (3072K), 3 survivors (3072K)
 Metaspace       used 65381K, committed 66048K, reserved 491520K
  class space    used 9140K, committed 9472K, reserved 425984K
}
Event: 38.774 GC heap before
{Heap before GC invocations=25 (full 0):
 garbage-first heap   total 119808K, used 83464K [0x0000000080000000, 0x0000000100000000)
  region size 1024K, 19 young (19456K), 3 survivors (3072K)
 Metaspace       used 66624K, committed 67264K, reserved 491520K
  class space    used 9310K, committed 9664K, reserved 425984K
}
Event: 38.780 GC heap after
{Heap after GC invocations=26 (full 0):
 garbage-first heap   total 119808K, used 69324K [0x0000000080000000, 0x0000000100000000)
  region size 1024K, 3 young (3072K), 3 survivors (3072K)
 Metaspace       used 66624K, committed 67264K, reserved 491520K
  class space    used 9310K, committed 9664K, reserved 425984K
}
Event: 38.898 GC heap before
{Heap before GC invocations=26 (full 0):
 garbage-first heap   total 119808K, used 71372K [0x0000000080000000, 0x0000000100000000)
  region size 1024K, 5 young (5120K), 3 survivors (3072K)
 Metaspace       used 66697K, committed 67328K, reserved 491520K
  class space    used 9324K, committed 9664K, reserved 425984K
}
Event: 38.906 GC heap after
{Heap after GC invocations=27 (full 0):
 garbage-first heap   total 119808K, used 68994K [0x0000000080000000, 0x0000000100000000)
  region size 1024K, 1 young (1024K), 1 survivors (1024K)
 Metaspace       used 66697K, committed 67328K, reserved 491520K
  class space    used 9324K, committed 9664K, reserved 425984K
}
Event: 40.489 GC heap before
{Heap before GC invocations=27 (full 0):
 garbage-first heap   total 119808K, used 97666K [0x0000000080000000, 0x0000000100000000)
  region size 1024K, 29 young (29696K), 1 survivors (1024K)
 Metaspace       used 68436K, committed 69056K, reserved 491520K
  class space    used 9550K, committed 9856K, reserved 425984K
}
Event: 40.493 GC heap after
{Heap after GC invocations=28 (full 0):
 garbage-first heap   total 119808K, used 69547K [0x0000000080000000, 0x0000000100000000)
  region size 1024K, 1 young (1024K), 1 survivors (1024K)
 Metaspace       used 68436K, committed 69056K, reserved 491520K
  class space    used 9550K, committed 9856K, reserved 425984K
}
Event: 42.511 GC heap before
{Heap before GC invocations=29 (full 0):
 garbage-first heap   total 121856K, used 98219K [0x0000000080000000, 0x0000000100000000)
  region size 1024K, 30 young (30720K), 1 survivors (1024K)
 Metaspace       used 69380K, committed 70080K, reserved 491520K
  class space    used 9686K, committed 10048K, reserved 425984K
}
Event: 42.517 GC heap after
{Heap after GC invocations=30 (full 0):
 garbage-first heap   total 121856K, used 73161K [0x0000000080000000, 0x0000000100000000)
  region size 1024K, 4 young (4096K), 4 survivors (4096K)
 Metaspace       used 69380K, committed 70080K, reserved 491520K
  class space    used 9686K, committed 10048K, reserved 425984K
}
Event: 42.565 GC heap before
{Heap before GC invocations=30 (full 0):
 garbage-first heap   total 121856K, used 73161K [0x0000000080000000, 0x0000000100000000)
  region size 1024K, 5 young (5120K), 4 survivors (4096K)
 Metaspace       used 69454K, committed 70144K, reserved 491520K
  class space    used 9696K, committed 10048K, reserved 425984K
}
Event: 42.576 GC heap after
{Heap after GC invocations=31 (full 0):
 garbage-first heap   total 121856K, used 73461K [0x0000000080000000, 0x0000000100000000)
  region size 1024K, 1 young (1024K), 1 survivors (1024K)
 Metaspace       used 69454K, committed 70144K, reserved 491520K
  class space    used 9696K, committed 10048K, reserved 425984K
}
Event: 44.923 GC heap before
{Heap before GC invocations=31 (full 0):
 garbage-first heap   total 121856K, used 100085K [0x0000000080000000, 0x0000000100000000)
  region size 1024K, 27 young (27648K), 1 survivors (1024K)
 Metaspace       used 70381K, committed 71104K, reserved 491520K
  class space    used 9820K, committed 10176K, reserved 425984K
}
Event: 44.931 GC heap after
{Heap after GC invocations=32 (full 0):
 garbage-first heap   total 243712K, used 76644K [0x0000000080000000, 0x0000000100000000)
  region size 1024K, 4 young (4096K), 4 survivors (4096K)
 Metaspace       used 70381K, committed 71104K, reserved 491520K
  class space    used 9820K, committed 10176K, reserved 425984K
}
Event: 50.819 GC heap before
{Heap before GC invocations=32 (full 0):
 garbage-first heap   total 243712K, used 192356K [0x0000000080000000, 0x0000000100000000)
  region size 1024K, 118 young (120832K), 4 survivors (4096K)
 Metaspace       used 76134K, committed 76928K, reserved 557056K
  class space    used 10699K, committed 11072K, reserved 425984K
}
Event: 50.834 GC heap after
{Heap after GC invocations=33 (full 0):
 garbage-first heap   total 243712K, used 84235K [0x0000000080000000, 0x0000000100000000)
  region size 1024K, 12 young (12288K), 12 survivors (12288K)
 Metaspace       used 76134K, committed 76928K, reserved 557056K
  class space    used 10699K, committed 11072K, reserved 425984K
}
Event: 55.669 GC heap before
{Heap before GC invocations=33 (full 0):
 garbage-first heap   total 243712K, used 191755K [0x0000000080000000, 0x0000000100000000)
  region size 1024K, 117 young (119808K), 12 survivors (12288K)
 Metaspace       used 77838K, committed 78656K, reserved 557056K
  class space    used 10855K, committed 11264K, reserved 425984K
}
Event: 55.689 GC heap after
{Heap after GC invocations=34 (full 0):
 garbage-first heap   total 243712K, used 90109K [0x0000000080000000, 0x0000000100000000)
  region size 1024K, 9 young (9216K), 9 survivors (9216K)
 Metaspace       used 77838K, committed 78656K, reserved 557056K
  class space    used 10855K, committed 11264K, reserved 425984K
}

